Removed Pin From Net: NetName=3V3 Pin=U2-2
Removed Pin From Net: NetName=GND Pin=U2-13
Removed Pin From Net: NetName=VBAT_BACKUP Pin=U2-14
Removed Pin From Net: NetName=MCU_SDA Pin=U2-15
Removed Pin From Net: NetName=MCU_SCL Pin=U2-16
Removed Member From Class: ClassName=[05] SENSORS Member=MD?
Removed Member From Class: ClassName=[02] - HAB Member=U2
Removed Member From Class: ClassName=[05] SENSORS Member=U?
Change Component Footprint: Designator=U? Old Footprint=FP-SAM-M8Q-0-10-MFG New Footprint=FP-SOT909-1-MFG
Change Component Comment : Designator=U4 Old Comment= New Comment=FXAS21002CQR1
Change Component Comment : Designator=U5 Old Comment= New Comment=MTK3339
Change Component Comment : Designator=U? Old Comment=SAM-M8Q-0-10 New Comment=PCF8523TK/1,118
Change Managed Component Library Link : Designator=U? Old VaultGUID=B7D15EC3-160A-466F-A46C-7801FE6295A7 New VaultGUID=B7D15EC3-160A-466F-A46C-7801FE6295A7 Old ItemGUID=38CA1247-73AD-403F-BB8C-1F585403F86B New ItemGUID=D57B2066-2088-413E-93BF-98B3A7F6F3B1 Old RevisionGUID=F35CD293-1BF1-46C5-BE44-626E1D5E4A55 New RevisionGUID=70146E20-D0D3-4DCC-9764-A1AFDF15C73F
Change component parameters: Designator = "U?" ("U?"); Footprint = "FP-SAM-M8Q-0-10-MFG"; UniqueID = "\FKEUPTMP" ("\FKEUPTMP")
Change component parameters (AddParameter): Name = "Ambient Temperature Range High"; Value = "+85°C"; VariantName = "[No Variations]"
Change component parameters (AddParameter): Name = "Ambient Temperature Range Low"; Value = "-40°C"; VariantName = "[No Variations]"
Change component parameters (AddParameter): Name = "Automotive"; Value = "No"; VariantName = "[No Variations]"
Change component parameters (AddParameter): Name = "Category"; Value = "IC"; VariantName = "[No Variations]"
Change component parameters (AddParameter): Name = "ComponentLink2Description"; Value = "Datasheet"; VariantName = "[No Variations]"
Change component parameters (AddParameter): Name = "ComponentLink2URL"; Value = "https://www.nxp.com/docs/en/data-sheet/PCF8523.pdf"; VariantName = "[No Variations]"
Change component parameters (AddParameter): Name = "Device Class L1"; Value = "Integrated Circuits (ICs)"; VariantName = "[No Variations]"
Change component parameters (AddParameter): Name = "Device Class L2"; Value = "Clock and Timing"; VariantName = "[No Variations]"
Change component parameters (AddParameter): Name = "Device Class L3"; Value = "Real Time Clocks"; VariantName = "[No Variations]"
Change component parameters (AddParameter): Name = "Digikey Description"; Value = "IC RTC CLK/CALENDAR I2C 8-HVSON"; VariantName = "[No Variations]"
Change component parameters (AddParameter): Name = "Footprint Url"; Value = "https://www.nxp.com/docs/en/package-information/SOT909-1.pdf"; VariantName = "[No Variations]"
Change component parameters (AddParameter): Name = "Height"; Value = "1mm"; VariantName = "[No Variations]"
Change component parameters (AddParameter): Name = "Interface"; Value = "I2C"; VariantName = "[No Variations]"
Change component parameters (AddParameter): Name = "Ipc Land Pattern Name"; Value = "DFN400X400X100-8"; VariantName = "[No Variations]"
Change component parameters (AddParameter): Name = "Lead Free"; Value = "Yes"; VariantName = "[No Variations]"
Change component parameters (AddParameter): Name = "Manufacturer"; Value = "NXP Semiconductors"; VariantName = "[No Variations]"
Change component parameters (AddParameter): Name = "Manufacturer Part Number"; Value = "PCF8523TK/1,118"; VariantName = "[No Variations]"
Change component parameters (AddParameter): Name = "Max Supply Voltage"; Value = "5.5V"; VariantName = "[No Variations]"
Change component parameters (AddParameter): Name = "Min Supply Voltage"; Value = "1V"; VariantName = "[No Variations]"
Change component parameters (AddParameter): Name = "Mouser Description"; Value = "Real Time Clock REAL-TIME CLOCK (RTC) AND CALENDAR"; VariantName = "[No Variations]"
Change component parameters (AddParameter): Name = "Nominal Supply Current"; Value = "0.15-1.2uA"; VariantName = "[No Variations]"
Change component parameters (AddParameter): Name = "Number Of Outputs"; Value = "1"; VariantName = "[No Variations]"
Change component parameters (AddParameter): Name = "Octopart"; Value = "https://octopart.com/pcf8523tk%2F1%2C118-nxp+semiconductors-19647992"; VariantName = "[No Variations]"
Change component parameters (AddParameter): Name = "Package"; Value = "SOT909-1"; VariantName = "[No Variations]"
Change component parameters (AddParameter): Name = "RoHS"; Value = "TRUE"; VariantName = "[No Variations]"
Change component parameters (AddParameter): Name = "Standoff Height"; Value = "0mm"; VariantName = "[No Variations]"
Change component parameters (AddParameter): Name = "Temperature"; Value = "-40°C to +85°C"; VariantName = "[No Variations]"
Change component parameters (AddParameter): Name = "Temperature Range High"; Value = "+85°C"; VariantName = "[No Variations]"
Change component parameters (AddParameter): Name = "Temperature Range Low"; Value = "-40°C"; VariantName = "[No Variations]"
Added Component: Designator=X?(ABS07)
Add component (AddParameter): Name = "Case/Package"; Value = "CSMD"; VariantName = "[No Variations]"
Add component (AddParameter): Name = "Category"; Value = "Crystals"; VariantName = "[No Variations]"
Add component (AddParameter): Name = "ComponentLink1Description"; Value = "https://datasheet.ciiva.com/3174/abs07-3174144.pdf?src-supplier=Avnet"; VariantName = "[No Variations]"
Add component (AddParameter): Name = "ComponentLink1URL"; Value = "https://datasheet.ciiva.com/3174/abs07-3174144.pdf?src-supplier=Avnet"; VariantName = "[No Variations]"
Add component (AddParameter): Name = "ComponentLink2Description"; Value = "https://datasheet.ciiva.com/855/abs07-855947.pdf?src-supplier=Digi-Key"; VariantName = "[No Variations]"
Add component (AddParameter): Name = "ComponentLink2URL"; Value = "https://datasheet.ciiva.com/855/abs07-855947.pdf?src-supplier=Digi-Key"; VariantName = "[No Variations]"
Add component (AddParameter): Name = "ComponentLink3Description"; Value = "https://datasheet.ciiva.com/16199/abs07-16199467.pdf?src-supplier=Future+Electronics"; VariantName = "[No Variations]"
Add component (AddParameter): Name = "ComponentLink3URL"; Value = "https://datasheet.ciiva.com/16199/abs07-16199467.pdf?src-supplier=Future+Electronics"; VariantName = "[No Variations]"
Add component (AddParameter): Name = "ComponentLink4Description"; Value = "https://datasheet.ciiva.com/8344/abs07-8344589.pdf?src-supplier=Avnet"; VariantName = "[No Variations]"
Add component (AddParameter): Name = "ComponentLink4URL"; Value = "https://datasheet.ciiva.com/8344/abs07-8344589.pdf?src-supplier=Avnet"; VariantName = "[No Variations]"
Add component (AddParameter): Name = "ComponentLink5Description"; Value = "https://datasheet.ciiva.com/855/abs07-855945.pdf?src-supplier=Digi-Key"; VariantName = "[No Variations]"
Add component (AddParameter): Name = "ComponentLink5URL"; Value = "https://datasheet.ciiva.com/855/abs07-855945.pdf?src-supplier=Digi-Key"; VariantName = "[No Variations]"
Add component (AddParameter): Name = "ComponentLink6Description"; Value = "https://datasheet.ciiva.com/855/abs07-855946.pdf?src-supplier=Digi-Key"; VariantName = "[No Variations]"
Add component (AddParameter): Name = "ComponentLink6URL"; Value = "https://datasheet.ciiva.com/855/abs07-855946.pdf?src-supplier=Digi-Key"; VariantName = "[No Variations]"
Add component (AddParameter): Name = "Depth"; Value = "1.5mm"; VariantName = "[No Variations]"
Add component (AddParameter): Name = "ESR (Equivalent Series Resistance)"; Value = "70kR"; VariantName = "[No Variations]"
Add component (AddParameter): Name = "Frequency"; Value = "32.768kHz"; VariantName = "[No Variations]"
Add component (AddParameter): Name = "Frequency Stability"; Value = "20ppm"; VariantName = "[No Variations]"
Add component (AddParameter): Name = "Frequency Tolerance"; Value = "20ppm"; VariantName = "[No Variations]"
Add component (AddParameter): Name = "Height"; Value = "0.035inch"; VariantName = "[No Variations]"
Add component (AddParameter): Name = "Insulation Resistance"; Value = "500MR"; VariantName = "[No Variations]"
Add component (AddParameter): Name = "Lead Free"; Value = "Lead Free"; VariantName = "[No Variations]"
Add component (AddParameter): Name = "Length"; Value = "3.2mm"; VariantName = "[No Variations]"
Add component (AddParameter): Name = "Load Capacitance"; Value = "7pF"; VariantName = "[No Variations]"
Add component (AddParameter): Name = "Manufacturer"; Value = "Abracon"; VariantName = "[No Variations]"
Add component (AddParameter): Name = "Manufacturer Part Number"; Value = "ABS07-32.768KHZ-7-T"; VariantName = "[No Variations]"
Add component (AddParameter): Name = "Max Operating Temperature"; Value = "85°C"; VariantName = "[No Variations]"
Add component (AddParameter): Name = "Min Operating Temperature"; Value = "-40°C"; VariantName = "[No Variations]"
Add component (AddParameter): Name = "Mount"; Value = "Surface Mount"; VariantName = "[No Variations]"
Add component (AddParameter): Name = "Number of Pins"; Value = "2"; VariantName = "[No Variations]"
Add component (AddParameter): Name = "Package Quantity"; Value = "3000"; VariantName = "[No Variations]"
Add component (AddParameter): Name = "Packaging"; Value = "Tape and Reel"; VariantName = "[No Variations]"
Add component (AddParameter): Name = "Pricing 1"; Value = "1=1.09000, 10=0.96100, 50=0.89880, 100=0.79420, 500=0.75240, 1000=0.62700 (USD)"; VariantName = "[No Variations]"
Add component (AddParameter): Name = "Radiation Hardening"; Value = "No"; VariantName = "[No Variations]"
Add component (AddParameter): Name = "REACH SVHC"; Value = "No SVHC"; VariantName = "[No Variations]"
Add component (AddParameter): Name = "RoHS"; Value = "Yes"; VariantName = "[No Variations]"
Add component (AddParameter): Name = "Series Resistance"; Value = "70kR"; VariantName = "[No Variations]"
Add component (AddParameter): Name = "Stock 1"; Value = "166337"; VariantName = "[No Variations]"
Add component (AddParameter): Name = "Supplier 1"; Value = "Digi-Key"; VariantName = "[No Variations]"
Add component (AddParameter): Name = "Supplier Part Number 1"; Value = "535-9543-1-ND"; VariantName = "[No Variations]"
Add component (AddParameter): Name = "Termination"; Value = "SMD/SMT"; VariantName = "[No Variations]"
Add component (AddParameter): Name = "Tolerance"; Value = "20ppm"; VariantName = "[No Variations]"
Add component (AddParameter): Name = "Width"; Value = "1.5mm"; VariantName = "[No Variations]"
Added Pin To Net: NetName=VBAT_BACKUP Pin=U?-3
Added Pin To Net: NetName=GND Pin=U?-4
Added Pin To Net: NetName=MCU_SDA Pin=U?-5
Added Pin To Net: NetName=MCU_SCL Pin=U?-6
Added Pin To Net: NetName=3V3 Pin=U?-8
Added Pin To Net: NetName=GND Pin=U?-9
Added Pin To Net: NetName=NetU?_1 Pin=U?-1
Added Pin To Net: NetName=NetU?_1 Pin=X?-1
Added Net: Name=NetU?_1
Added Pin To Net: NetName=NetU?_2 Pin=U?-2
Added Pin To Net: NetName=NetU?_2 Pin=X?-2
Added Net: Name=NetU?_2
Added Member To Class: ClassName=[02] - HAB Member=Component U? PCF8523TK/1,118
Added Member To Class: ClassName=[02] - HAB Member=Component X? ABS07-32.768KHZ-7-T
